>>> Warning 207 "main.c" Line 277(1,1): Code has no effect
>>> Warning 207 "main.c" Line 315(1,1): Code has no effect
>>> Warning 207 "main.c" Line 352(1,1): Code has no effect
>>> Warning 207 "main.c" Line 389(1,1): Code has no effect
>>> Warning 202 "main.c" Line 56(22,34): Variable never used:   active_timer
>>> Warning 202 "main.c" Line 56(40,47): Variable never used:   timer2a
>>> Warning 202 "main.c" Line 57(6,9): Variable never used:   cnt
>>> Warning 202 "main.c" Line 57(15,19): Variable never used:   cnt1
>>> Warning 202 "main.c" Line 58(13,24): Variable never used:   on_time_sec
>>> Warning 202 "main.c" Line 58(26,37): Variable never used:   on_time_min
>>> Warning 202 "main.c" Line 58(39,51): Variable never used:   on_time_hour
>>> Warning 202 "main.c" Line 59(13,25): Variable never used:   off_time_sec
>>> Warning 202 "main.c" Line 59(27,39): Variable never used:   off_time_min
>>> Warning 202 "main.c" Line 59(41,54): Variable never used:   off_time_hour
>>> Warning 202 "main.c" Line 60(13,24): Variable never used:   counter_sec
>>> Warning 202 "main.c" Line 60(26,37): Variable never used:   counter_min
>>> Warning 202 "main.c" Line 60(39,51): Variable never used:   counter_hour
>>> Warning 202 "main.c" Line 61(7,22): Variable never used:   one_sec_counter
>>> Warning 202 "main.c" Line 62(6,15): Variable never used:   dataReady
      Memory usage:   ROM=36%      RAM=35% - 39%
      0 Errors,  19 Warnings.
Build Successful.
