
ROM used:   2947/8192 (36%)
            2996/8192 (37%) including unused fragments

            1.7 Average locations per line
            6.4 Average locations per statement

RAM used:   128/368 (35%) at main() level
            142/368 (39%) worst case

Stack used: 6 worst case (5 in main + 1 for interrupts)
Stack size: 8

Lines Stmts  %   Files
----- ----- ---  -----
  653   360  78  main.c
  674     0   0  ..\..\..\..\Program Files (x86)\PICC\Devices\16F877A.h
  456   100  22  ..\..\..\..\Program Files (x86)\PICC\Drivers\lcd.c
----- -----
 1783   460 Total

Page ROM  %  RAM    Vol Diff  Functions:
---- --- --- ---    --- ----  ----------
0     20   1    1             @delay_ms1
 Inline         3    760  4.5  lcd_read_byte
0     51   2    2    262  3.7  lcd_read_nibble
0     54   2    1    399  2.4  lcd_send_nibble
0     98   3    3    415  3.7  lcd_send_byte
0     84   3    6    852  6.2  lcd_init
0     20   1    4    208  6.3  lcd_gotoxy
0     58   2    1    354  4.7  lcd_putc
 Inline         0    106  1.3  start_signal
 Inline         0    127  2.5  check_response
0     98   3    4    705  7.7  Read_Data
0     23   1    3    703  5.3  @DIV88
 Inline         0    176  2.3  display_err
 Inline         0    176  2.3  display_ok
0    300  10    5   1496  5.4  fill_display_buff
0     64   2    6    300  2.8  @DIVS1616
 Inline         1    300  2.8  dht_display
 Inline         1    604  6.7  temp_down_set
 Inline         1    604  6.7  temp_up_set
 Inline         1    604  6.7  hum_up_set
 Inline         1    604  6.7  hum_down_set
1     91   3    0    204  3.1  runtime_relay_function
1    252   9    1    478  2.9  MAIN
0    708  24    1    786  8.2  menu
1    388  13    2   1777  7.3  dht11_RunTime
0      6   0    0    703  5.3  @const714
0    116   4    4    703  5.3  @PSTRINGC7_621
0     39   1    2    703  5.3  @MUL88
0     10   0    0    703  5.3  @const722
1    124   4    5    703  5.3  @PSTRINGCN7_9600_62_63
1     93   3    9    703  5.3  @PRINTF_LU_9600_62_63
0     29   1    2             @PSTRINGR_621
0      9   0    0    703  5.3  @const728
0      6   0    0             @const729
0      8   0    0             @const730
0    109   4    1    703  5.3  TIMER0_isr
0     10   0    0             @goto64821
 Inline         0             @cinit1

Program metrics:
    Functions               32
    Statements              460
    Comments                364
    Volume (V)              33854
    Difficulty (D)          153.3
    Effort to implement (E) 5191224
    Time to implement (T)   80 hours, 7 minutes
    Est Delivered Bugs (B)  10
    Cyclomatic Complexity   112
    Maintainability (MI)    47

 Segment     Used  Free
-----------  ----  ----
00000-00003     4  0  
00004-0004E    75  0  
0004F-007FF  1920  49  
00800-00FFF   948  1100  
01000-017FF     0  2048  
01800-01FFF     0  2048  



